<?xml version="1.0" encoding="UTF-8"?>
<!-- Generated by org.testng.reporters.JUnitReportReporter -->
<testsuite hostname="AITLP-83" failures="0" tests="2" name="TestMavenProject.MavenJava.AbfDEVTest" time="0.031" errors="0" timestamp="2021-04-10T18:25:10 IST" skipped="0">
  <testcase classname="TestMavenProject.MavenJava.AbfDEVTest" name="Abflibrary" time="0.009"/>
  <system-out/>
  <testcase classname="TestMavenProject.MavenJava.AbfDEVTest" name="Abfdoc" time="0.022"/>
  <system-out/>
</testsuite> <!-- TestMavenProject.MavenJava.AbfDEVTest -->
