<?xml version="1.0" encoding="UTF-8"?>
<!-- Generated by org.testng.reporters.JUnitReportReporter -->
<testsuite hostname="AITLP-83" failures="0" tests="2" name="TestMavenProject.MavenJava.PimcoDEVTest" time="0.008" errors="0" timestamp="2021-04-10T18:25:10 IST" skipped="0">
  <testcase classname="TestMavenProject.MavenJava.PimcoDEVTest" name="Pimcodoc" time="0.002"/>
  <system-out/>
  <testcase classname="TestMavenProject.MavenJava.PimcoDEVTest" name="Jhflibrary" time="0.006"/>
  <system-out/>
</testsuite> <!-- TestMavenProject.MavenJava.PimcoDEVTest -->
