<?xml version="1.0" encoding="UTF-8"?>
<!-- Generated by org.testng.reporters.JUnitReportReporter -->
<testsuite hostname="AITLP-83" failures="0" tests="2" name="TestMavenProject.MavenJava.AbfDEVTest" time="0.011" errors="0" timestamp="2021-04-10T22:41:49 IST" skipped="0">
  <testcase classname="TestMavenProject.MavenJava.AbfDEVTest" name="Abflibrary" time="0.001"/>
  <system-out/>
  <testcase classname="TestMavenProject.MavenJava.AbfDEVTest" name="Abfdoc" time="0.010"/>
  <system-out/>
</testsuite> <!-- TestMavenProject.MavenJava.AbfDEVTest -->
