<?xml version="1.0" encoding="UTF-8"?>
<!-- Generated by org.testng.reporters.JUnitReportReporter -->
<testsuite hostname="AITLP-83" failures="0" tests="2" name="TestMavenProject.MavenJava.JhfDEVTest" time="0.000" errors="0" timestamp="2021-04-10T22:41:49 IST" skipped="0">
  <testcase classname="TestMavenProject.MavenJava.JhfDEVTest" name="Jhflibrary" time="0.000"/>
  <system-out/>
  <testcase classname="TestMavenProject.MavenJava.JhfDEVTest" name="Jhfdoc" time="0.000"/>
  <system-out/>
</testsuite> <!-- TestMavenProject.MavenJava.JhfDEVTest -->
